0 info it worked if it ends with ok
1 verbose cli [ 'C:\\Program Files\\nodejs\\node.exe',
1 verbose cli   'C:\\Program Files\\nodejs\\node_modules\\npm\\bin\\npm-cli.js',
1 verbose cli   'install' ]
2 info using npm@3.10.9
3 info using node@v6.9.2
4 silly loadCurrentTree Starting
5 silly install loadCurrentTree
6 silly install readLocalPackageData
7 silly install normalizeTree
8 silly loadCurrentTree Finishing
9 silly loadIdealTree Starting
10 silly install loadIdealTree
11 silly cloneCurrentTree Starting
12 silly install cloneCurrentTreeToIdealTree
13 silly cloneCurrentTree Finishing
14 silly loadShrinkwrap Starting
15 silly install loadShrinkwrap
16 silly loadShrinkwrap Finishing
17 silly loadAllDepsIntoIdealTree Starting
18 silly install loadAllDepsIntoIdealTree
19 silly loadAllDepsIntoIdealTree Finishing
20 silly loadIdealTree Finishing
21 silly currentTree server@0.0.1
21 silly currentTree +-- accepts@1.3.3
21 silly currentTree +-- acorn-globals@3.1.0
21 silly currentTree | `-- acorn@4.0.11
21 silly currentTree +-- acorn@3.3.0
21 silly currentTree +-- align-text@0.1.4
21 silly currentTree +-- amdefine@1.0.1
21 silly currentTree +-- ansi-regex@2.1.1
21 silly currentTree +-- ansi-styles@2.2.1
21 silly currentTree +-- archy@1.0.0
21 silly currentTree +-- arr-diff@2.0.0
21 silly currentTree +-- arr-flatten@1.0.1
21 silly currentTree +-- array-differ@1.0.0
21 silly currentTree +-- array-flatten@1.1.1
21 silly currentTree +-- array-uniq@1.0.3
21 silly currentTree +-- array-unique@0.2.1
21 silly currentTree +-- asap@2.0.5
21 silly currentTree +-- asn1@0.2.3
21 silly currentTree +-- assert-plus@0.2.0
21 silly currentTree +-- async@2.0.1
21 silly currentTree +-- aws-sign2@0.6.0
21 silly currentTree +-- aws4@1.6.0
21 silly currentTree +-- balanced-match@0.4.2
21 silly currentTree +-- base64-url@1.3.3
21 silly currentTree +-- basic-auth@1.0.4
21 silly currentTree +-- bcrypt-pbkdf@1.0.1
21 silly currentTree +-- beeper@1.1.1
21 silly currentTree +-- bl@1.1.2
21 silly currentTree | +-- isarray@1.0.0
21 silly currentTree | `-- readable-stream@2.0.6
21 silly currentTree +-- bluebird@3.4.7
21 silly currentTree +-- body-parser@1.15.2
21 silly currentTree +-- boom@2.10.1
21 silly currentTree +-- bower@1.7.9
21 silly currentTree +-- brace-expansion@1.1.6
21 silly currentTree +-- braces@1.8.5
21 silly currentTree +-- buffer-shims@1.0.0
21 silly currentTree +-- bytes@2.4.0
21 silly currentTree +-- camelcase@2.1.1
21 silly currentTree +-- caseless@0.11.0
21 silly currentTree +-- center-align@0.1.3
21 silly currentTree +-- chalk@1.1.3
21 silly currentTree +-- character-parser@2.2.0
21 silly currentTree +-- clean-css@3.4.24
21 silly currentTree | `-- commander@2.8.1
21 silly currentTree +-- cliui@3.2.0
21 silly currentTree +-- clone-stats@0.0.1
21 silly currentTree +-- clone@1.0.2
21 silly currentTree +-- code-point-at@1.1.0
21 silly currentTree +-- combined-stream@1.0.5
21 silly currentTree +-- commander@2.9.0
21 silly currentTree +-- concat-map@0.0.1
21 silly currentTree +-- consolidate@0.14.5
21 silly currentTree +-- constantinople@3.1.0
21 silly currentTree +-- content-disposition@0.5.2
21 silly currentTree +-- content-type@1.0.2
21 silly currentTree +-- cookie-signature@1.0.6
21 silly currentTree +-- cookie@0.3.1
21 silly currentTree +-- core-util-is@1.0.2
21 silly currentTree +-- crc@3.4.0
21 silly currentTree +-- cryptiles@2.0.5
21 silly currentTree +-- dashdash@1.14.1
21 silly currentTree | `-- assert-plus@1.0.0
21 silly currentTree +-- dateformat@2.0.0
21 silly currentTree +-- debug@2.2.0
21 silly currentTree +-- decamelize@1.2.0
21 silly currentTree +-- defaults@1.0.3
21 silly currentTree +-- delayed-stream@1.0.0
21 silly currentTree +-- depd@1.1.0
21 silly currentTree +-- deprecated@0.0.1
21 silly currentTree +-- destroy@1.0.4
21 silly currentTree +-- detect-file@0.1.0
21 silly currentTree +-- doctypes@1.1.0
21 silly currentTree +-- duplexer2@0.0.2
21 silly currentTree +-- ecc-jsbn@0.1.1
21 silly currentTree +-- ee-first@1.1.1
21 silly currentTree +-- encodeurl@1.0.1
21 silly currentTree +-- end-of-stream@0.1.5
21 silly currentTree +-- escape-html@1.0.3
21 silly currentTree +-- escape-string-regexp@1.0.5
21 silly currentTree +-- etag@1.7.0
21 silly currentTree +-- expand-brackets@0.1.5
21 silly currentTree +-- expand-range@1.8.2
21 silly currentTree +-- expand-tilde@1.2.2
21 silly currentTree +-- express-csv@0.6.0
21 silly currentTree +-- express-session@1.14.0
21 silly currentTree +-- express@4.14.1
21 silly currentTree +-- extend@3.0.0
21 silly currentTree +-- extglob@0.3.2
21 silly currentTree +-- extsprintf@1.0.2
21 silly currentTree +-- fancy-log@1.3.0
21 silly currentTree +-- filename-regex@2.0.0
21 silly currentTree +-- fill-range@2.2.3
21 silly currentTree +-- finalhandler@0.5.1
21 silly currentTree +-- find-index@0.1.1
21 silly currentTree +-- findup-sync@0.4.3
21 silly currentTree +-- fined@1.0.2
21 silly currentTree +-- first-chunk-stream@1.0.0
21 silly currentTree +-- flagged-respawn@0.3.2
21 silly currentTree +-- for-in@0.1.6
21 silly currentTree +-- for-own@0.1.4
21 silly currentTree +-- forever-agent@0.6.1
21 silly currentTree +-- form-data@1.0.1
21 silly currentTree +-- forwarded@0.1.0
21 silly currentTree +-- fresh@0.3.0
21 silly currentTree +-- fs-exists-sync@0.1.0
21 silly currentTree +-- gaze@0.5.2
21 silly currentTree +-- generate-function@2.0.0
21 silly currentTree +-- generate-object-property@1.2.0
21 silly currentTree +-- getpass@0.1.6
21 silly currentTree | `-- assert-plus@1.0.0
21 silly currentTree +-- glob-base@0.3.0
21 silly currentTree +-- glob-parent@2.0.0
21 silly currentTree +-- glob-stream@3.1.18
21 silly currentTree | +-- readable-stream@1.0.34
21 silly currentTree | `-- through2@0.6.5
21 silly currentTree +-- glob-watcher@0.0.6
21 silly currentTree +-- glob@4.5.3
21 silly currentTree +-- glob2base@0.0.12
21 silly currentTree +-- global-modules@0.2.3
21 silly currentTree +-- global-prefix@0.1.5
21 silly currentTree +-- globule@0.1.0
21 silly currentTree | +-- glob@3.1.21
21 silly currentTree | +-- graceful-fs@1.2.3
21 silly currentTree | +-- inherits@1.0.2
21 silly currentTree | +-- lodash@1.0.2
21 silly currentTree | `-- minimatch@0.2.14
21 silly currentTree +-- glogg@1.0.0
21 silly currentTree +-- graceful-fs@3.0.11
21 silly currentTree +-- graceful-readlink@1.0.1
21 silly currentTree +-- gulp-load-plugins@1.2.4
21 silly currentTree +-- gulp-util@3.0.8
21 silly currentTree +-- gulp@3.9.1
21 silly currentTree +-- gulplog@1.0.0
21 silly currentTree +-- har-validator@2.0.6
21 silly currentTree +-- has-ansi@2.0.0
21 silly currentTree +-- has-gulplog@0.1.0
21 silly currentTree +-- hawk@3.1.3
21 silly currentTree +-- hoek@2.16.3
21 silly currentTree +-- homedir-polyfill@1.0.1
21 silly currentTree +-- http-errors@1.5.1
21 silly currentTree +-- http-signature@1.1.1
21 silly currentTree +-- iconv-lite@0.4.13
21 silly currentTree +-- inflight@1.0.6
21 silly currentTree +-- inherits@2.0.3
21 silly currentTree +-- ini@1.3.4
21 silly currentTree +-- interpret@1.0.1
21 silly currentTree +-- invert-kv@1.0.0
21 silly currentTree +-- ipaddr.js@1.2.0
21 silly currentTree +-- is-absolute@0.2.6
21 silly currentTree +-- is-buffer@1.1.4
21 silly currentTree +-- is-dotfile@1.0.2
21 silly currentTree +-- is-equal-shallow@0.1.3
21 silly currentTree +-- is-expression@2.1.0
21 silly currentTree | `-- object-assign@4.1.1
21 silly currentTree +-- is-extendable@0.1.1
21 silly currentTree +-- is-extglob@1.0.0
21 silly currentTree +-- is-fullwidth-code-point@1.0.0
21 silly currentTree +-- is-glob@2.0.1
21 silly currentTree +-- is-my-json-valid@2.15.0
21 silly currentTree +-- is-number@2.1.0
21 silly currentTree +-- is-posix-bracket@0.1.1
21 silly currentTree +-- is-primitive@2.0.0
21 silly currentTree +-- is-promise@2.1.0
21 silly currentTree +-- is-property@1.0.2
21 silly currentTree +-- is-regex@1.0.3
21 silly currentTree +-- is-relative@0.2.1
21 silly currentTree +-- is-typedarray@1.0.0
21 silly currentTree +-- is-unc-path@0.1.2
21 silly currentTree +-- is-utf8@0.2.1
21 silly currentTree +-- is-windows@0.2.0
21 silly currentTree +-- isarray@0.0.1
21 silly currentTree +-- isexe@1.1.2
21 silly currentTree +-- isobject@2.1.0
21 silly currentTree | `-- isarray@1.0.0
21 silly currentTree +-- isstream@0.1.2
21 silly currentTree +-- jodid25519@1.0.2
21 silly currentTree +-- js-stringify@1.0.2
21 silly currentTree +-- jsbn@0.1.0
21 silly currentTree +-- json-schema@0.2.3
21 silly currentTree +-- json-stringify-safe@5.0.1
21 silly currentTree +-- jsonpointer@4.0.1
21 silly currentTree +-- jsprim@1.3.1
21 silly currentTree +-- jstransformer@1.0.0
21 silly currentTree +-- kind-of@3.1.0
21 silly currentTree +-- lazy-cache@1.0.4
21 silly currentTree +-- lcid@1.0.0
21 silly currentTree +-- liftoff@2.3.0
21 silly currentTree +-- lodash._basecopy@3.0.1
21 silly currentTree +-- lodash._basetostring@3.0.1
21 silly currentTree +-- lodash._basevalues@3.0.0
21 silly currentTree +-- lodash._getnative@3.9.1
21 silly currentTree +-- lodash._isiterateecall@3.0.9
21 silly currentTree +-- lodash._reescape@3.0.0
21 silly currentTree +-- lodash._reevaluate@3.0.0
21 silly currentTree +-- lodash._reinterpolate@3.0.0
21 silly currentTree +-- lodash._root@3.0.1
21 silly currentTree +-- lodash.assignwith@4.2.0
21 silly currentTree +-- lodash.escape@3.2.0
21 silly currentTree +-- lodash.isarguments@3.1.0
21 silly currentTree +-- lodash.isarray@3.0.4
21 silly currentTree +-- lodash.isempty@4.4.0
21 silly currentTree +-- lodash.isplainobject@4.0.6
21 silly currentTree +-- lodash.isstring@4.0.1
21 silly currentTree +-- lodash.keys@3.1.2
21 silly currentTree +-- lodash.mapvalues@4.6.0
21 silly currentTree +-- lodash.pick@4.4.0
21 silly currentTree +-- lodash.restparam@3.6.1
21 silly currentTree +-- lodash.template@3.6.2
21 silly currentTree +-- lodash.templatesettings@3.1.1
21 silly currentTree +-- lodash@4.17.4
21 silly currentTree +-- longest@1.0.1
21 silly currentTree +-- lru-cache@2.7.3
21 silly currentTree +-- map-cache@0.2.2
21 silly currentTree +-- media-typer@0.3.0
21 silly currentTree +-- merge-descriptors@1.0.1
21 silly currentTree +-- methods@1.1.2
21 silly currentTree +-- micromatch@2.3.11
21 silly currentTree +-- mime-db@1.26.0
21 silly currentTree +-- mime-types@2.1.14
21 silly currentTree +-- mime@1.3.4
21 silly currentTree +-- minimatch@2.0.10
21 silly currentTree +-- minimist@1.2.0
21 silly currentTree +-- mkdirp@0.5.1
21 silly currentTree | `-- minimist@0.0.8
21 silly currentTree +-- moment-timezone@0.5.5
21 silly currentTree +-- moment@2.17.1
21 silly currentTree +-- morgan@1.7.0
21 silly currentTree +-- ms@0.7.1
21 silly currentTree +-- multipipe@0.1.2
21 silly currentTree +-- natives@1.1.0
21 silly currentTree +-- nconf@0.8.4
21 silly currentTree | `-- async@1.5.2
21 silly currentTree +-- negotiator@0.6.1
21 silly currentTree +-- node-uuid@1.4.7
21 silly currentTree +-- normalize-path@2.0.1
21 silly currentTree +-- number-is-nan@1.0.1
21 silly currentTree +-- oauth-sign@0.8.2
21 silly currentTree +-- oauth@0.9.15
21 silly currentTree +-- object-assign@3.0.0
21 silly currentTree +-- object.omit@2.0.1
21 silly currentTree +-- on-finished@2.3.0
21 silly currentTree +-- on-headers@1.0.1
21 silly currentTree +-- once@1.3.3
21 silly currentTree +-- orchestrator@0.3.8
21 silly currentTree +-- ordered-read-streams@0.1.0
21 silly currentTree +-- os-homedir@1.0.2
21 silly currentTree +-- os-locale@1.4.0
21 silly currentTree +-- parse-filepath@1.0.1
21 silly currentTree +-- parse-glob@3.0.4
21 silly currentTree +-- parse-passwd@1.0.0
21 silly currentTree +-- parseurl@1.3.1
21 silly currentTree +-- passport-automatic@1.2.1
21 silly currentTree +-- passport-oauth2@1.4.0
21 silly currentTree +-- passport-strategy@1.0.0
21 silly currentTree +-- passport@0.3.2
21 silly currentTree +-- path-root-regex@0.1.2
21 silly currentTree +-- path-root@0.1.1
21 silly currentTree +-- path-to-regexp@0.1.7
21 silly currentTree +-- pause@0.0.1
21 silly currentTree +-- pinkie-promise@2.0.1
21 silly currentTree +-- pinkie@2.0.4
21 silly currentTree +-- preserve@0.2.0
21 silly currentTree +-- pretty-hrtime@1.0.3
21 silly currentTree +-- process-nextick-args@1.0.7
21 silly currentTree +-- promise@7.1.1
21 silly currentTree +-- proxy-addr@1.1.3
21 silly currentTree +-- pug-attrs@2.0.2
21 silly currentTree +-- pug-code-gen@0.0.7
21 silly currentTree +-- pug-error@1.3.2
21 silly currentTree +-- pug-filters@1.2.4
21 silly currentTree +-- pug-lexer@2.3.2
21 silly currentTree | +-- acorn@4.0.11
21 silly currentTree | +-- is-expression@3.0.0
21 silly currentTree | `-- object-assign@4.1.1
21 silly currentTree +-- pug-linker@1.0.2
21 silly currentTree +-- pug-load@2.0.5
21 silly currentTree | `-- object-assign@4.1.1
21 silly currentTree +-- pug-parser@2.0.2
21 silly currentTree +-- pug-runtime@2.0.3
21 silly currentTree +-- pug-strip-comments@0.0.1
21 silly currentTree | `-- pug-error@0.0.0
21 silly currentTree +-- pug-walk@1.1.1
21 silly currentTree +-- pug@2.0.0-beta4
21 silly currentTree +-- punycode@1.4.1
21 silly currentTree +-- qs@6.2.0
21 silly currentTree +-- random-bytes@1.0.0
21 silly currentTree +-- randomatic@1.1.6
21 silly currentTree +-- range-parser@1.2.0
21 silly currentTree +-- raw-body@2.1.7
21 silly currentTree +-- readable-stream@1.1.14
21 silly currentTree +-- rechoir@0.6.2
21 silly currentTree +-- regex-cache@0.4.3
21 silly currentTree +-- repeat-element@1.1.2
21 silly currentTree +-- repeat-string@1.6.1
21 silly currentTree +-- replace-ext@0.0.1
21 silly currentTree +-- request@2.74.0
21 silly currentTree +-- resolve-dir@0.1.1
21 silly currentTree +-- resolve@1.2.0
21 silly currentTree +-- right-align@0.1.3
21 silly currentTree +-- secure-keys@1.0.0
21 silly currentTree +-- semver@4.3.6
21 silly currentTree +-- send@0.14.2
21 silly currentTree | `-- ms@0.7.2
21 silly currentTree +-- sequencify@0.0.7
21 silly currentTree +-- serve-favicon@2.3.0
21 silly currentTree +-- serve-static@1.11.2
21 silly currentTree +-- setprototypeof@1.0.2
21 silly currentTree +-- sigmund@1.0.1
21 silly currentTree +-- sntp@1.0.9
21 silly currentTree +-- source-map@0.4.4
21 silly currentTree +-- sparkles@1.0.0
21 silly currentTree +-- sshpk@1.10.2
21 silly currentTree | `-- assert-plus@1.0.0
21 silly currentTree +-- statuses@1.3.1
21 silly currentTree +-- stream-consume@0.1.0
21 silly currentTree +-- string_decoder@0.10.31
21 silly currentTree +-- string-width@1.0.2
21 silly currentTree +-- stringstream@0.0.5
21 silly currentTree +-- strip-ansi@3.0.1
21 silly currentTree +-- strip-bom@1.0.0
21 silly currentTree +-- supports-color@2.0.0
21 silly currentTree +-- through2@2.0.3
21 silly currentTree | +-- isarray@1.0.0
21 silly currentTree | `-- readable-stream@2.2.2
21 silly currentTree +-- tildify@1.2.0
21 silly currentTree +-- time-stamp@1.0.1
21 silly currentTree +-- token-stream@0.0.1
21 silly currentTree +-- tough-cookie@2.3.2
21 silly currentTree +-- tunnel-agent@0.4.3
21 silly currentTree +-- tweetnacl@0.14.5
21 silly currentTree +-- type-is@1.6.14
21 silly currentTree +-- uglify-js@2.7.5
21 silly currentTree | +-- async@0.2.10
21 silly currentTree | +-- camelcase@1.2.1
21 silly currentTree | +-- cliui@2.1.0
21 silly currentTree | +-- source-map@0.5.6
21 silly currentTree | +-- window-size@0.1.0
21 silly currentTree | `-- yargs@3.10.0
21 silly currentTree +-- uglify-to-browserify@1.0.2
21 silly currentTree +-- uid-safe@2.1.3
21 silly currentTree +-- uid2@0.0.3
21 silly currentTree +-- unc-path-regex@0.1.2
21 silly currentTree +-- underscore@1.8.3
21 silly currentTree +-- unique-stream@1.0.0
21 silly currentTree +-- unpipe@1.0.0
21 silly currentTree +-- user-home@1.1.1
21 silly currentTree +-- util-deprecate@1.0.2
21 silly currentTree +-- utils-merge@1.0.0
21 silly currentTree +-- v8flags@2.0.11
21 silly currentTree +-- vary@1.1.0
21 silly currentTree +-- verror@1.3.6
21 silly currentTree +-- vinyl-fs@0.3.14
21 silly currentTree | +-- clone@0.2.0
21 silly currentTree | +-- readable-stream@1.0.34
21 silly currentTree | +-- through2@0.6.5
21 silly currentTree | `-- vinyl@0.4.6
21 silly currentTree +-- vinyl@0.5.3
21 silly currentTree +-- void-elements@2.0.1
21 silly currentTree +-- which@1.2.12
21 silly currentTree +-- window-size@0.1.4
21 silly currentTree +-- with@5.1.1
21 silly currentTree +-- wordwrap@0.0.2
21 silly currentTree +-- wrap-ansi@2.1.0
21 silly currentTree +-- wrappy@1.0.2
21 silly currentTree +-- xtend@4.0.1
21 silly currentTree +-- y18n@3.2.1
21 silly currentTree `-- yargs@3.32.0
22 silly idealTree server@0.0.1
22 silly idealTree +-- accepts@1.3.3
22 silly idealTree +-- acorn-globals@3.1.0
22 silly idealTree | `-- acorn@4.0.11
22 silly idealTree +-- acorn@3.3.0
22 silly idealTree +-- align-text@0.1.4
22 silly idealTree +-- amdefine@1.0.1
22 silly idealTree +-- ansi-regex@2.1.1
22 silly idealTree +-- ansi-styles@2.2.1
22 silly idealTree +-- archy@1.0.0
22 silly idealTree +-- arr-diff@2.0.0
22 silly idealTree +-- arr-flatten@1.0.1
22 silly idealTree +-- array-differ@1.0.0
22 silly idealTree +-- array-flatten@1.1.1
22 silly idealTree +-- array-uniq@1.0.3
22 silly idealTree +-- array-unique@0.2.1
22 silly idealTree +-- asap@2.0.5
22 silly idealTree +-- asn1@0.2.3
22 silly idealTree +-- assert-plus@0.2.0
22 silly idealTree +-- async@2.0.1
22 silly idealTree +-- aws-sign2@0.6.0
22 silly idealTree +-- aws4@1.6.0
22 silly idealTree +-- balanced-match@0.4.2
22 silly idealTree +-- base64-url@1.3.3
22 silly idealTree +-- basic-auth@1.0.4
22 silly idealTree +-- bcrypt-pbkdf@1.0.1
22 silly idealTree +-- beeper@1.1.1
22 silly idealTree +-- bl@1.1.2
22 silly idealTree | +-- isarray@1.0.0
22 silly idealTree | `-- readable-stream@2.0.6
22 silly idealTree +-- bluebird@3.4.7
22 silly idealTree +-- body-parser@1.15.2
22 silly idealTree +-- boom@2.10.1
22 silly idealTree +-- bower@1.7.9
22 silly idealTree +-- brace-expansion@1.1.6
22 silly idealTree +-- braces@1.8.5
22 silly idealTree +-- buffer-shims@1.0.0
22 silly idealTree +-- bytes@2.4.0
22 silly idealTree +-- camelcase@2.1.1
22 silly idealTree +-- caseless@0.11.0
22 silly idealTree +-- center-align@0.1.3
22 silly idealTree +-- chalk@1.1.3
22 silly idealTree +-- character-parser@2.2.0
22 silly idealTree +-- clean-css@3.4.24
22 silly idealTree | `-- commander@2.8.1
22 silly idealTree +-- cliui@3.2.0
22 silly idealTree +-- clone-stats@0.0.1
22 silly idealTree +-- clone@1.0.2
22 silly idealTree +-- code-point-at@1.1.0
22 silly idealTree +-- combined-stream@1.0.5
22 silly idealTree +-- commander@2.9.0
22 silly idealTree +-- concat-map@0.0.1
22 silly idealTree +-- consolidate@0.14.5
22 silly idealTree +-- constantinople@3.1.0
22 silly idealTree +-- content-disposition@0.5.2
22 silly idealTree +-- content-type@1.0.2
22 silly idealTree +-- cookie-signature@1.0.6
22 silly idealTree +-- cookie@0.3.1
22 silly idealTree +-- core-util-is@1.0.2
22 silly idealTree +-- crc@3.4.0
22 silly idealTree +-- cryptiles@2.0.5
22 silly idealTree +-- dashdash@1.14.1
22 silly idealTree | `-- assert-plus@1.0.0
22 silly idealTree +-- dateformat@2.0.0
22 silly idealTree +-- debug@2.2.0
22 silly idealTree +-- decamelize@1.2.0
22 silly idealTree +-- defaults@1.0.3
22 silly idealTree +-- delayed-stream@1.0.0
22 silly idealTree +-- depd@1.1.0
22 silly idealTree +-- deprecated@0.0.1
22 silly idealTree +-- destroy@1.0.4
22 silly idealTree +-- detect-file@0.1.0
22 silly idealTree +-- doctypes@1.1.0
22 silly idealTree +-- duplexer2@0.0.2
22 silly idealTree +-- ecc-jsbn@0.1.1
22 silly idealTree +-- ee-first@1.1.1
22 silly idealTree +-- encodeurl@1.0.1
22 silly idealTree +-- end-of-stream@0.1.5
22 silly idealTree +-- escape-html@1.0.3
22 silly idealTree +-- escape-string-regexp@1.0.5
22 silly idealTree +-- etag@1.7.0
22 silly idealTree +-- expand-brackets@0.1.5
22 silly idealTree +-- expand-range@1.8.2
22 silly idealTree +-- expand-tilde@1.2.2
22 silly idealTree +-- express-csv@0.6.0
22 silly idealTree +-- express-session@1.14.0
22 silly idealTree +-- express@4.14.1
22 silly idealTree +-- extend@3.0.0
22 silly idealTree +-- extglob@0.3.2
22 silly idealTree +-- extsprintf@1.0.2
22 silly idealTree +-- fancy-log@1.3.0
22 silly idealTree +-- filename-regex@2.0.0
22 silly idealTree +-- fill-range@2.2.3
22 silly idealTree +-- finalhandler@0.5.1
22 silly idealTree +-- find-index@0.1.1
22 silly idealTree +-- findup-sync@0.4.3
22 silly idealTree +-- fined@1.0.2
22 silly idealTree +-- first-chunk-stream@1.0.0
22 silly idealTree +-- flagged-respawn@0.3.2
22 silly idealTree +-- for-in@0.1.6
22 silly idealTree +-- for-own@0.1.4
22 silly idealTree +-- forever-agent@0.6.1
22 silly idealTree +-- form-data@1.0.1
22 silly idealTree +-- forwarded@0.1.0
22 silly idealTree +-- fresh@0.3.0
22 silly idealTree +-- fs-exists-sync@0.1.0
22 silly idealTree +-- gaze@0.5.2
22 silly idealTree +-- generate-function@2.0.0
22 silly idealTree +-- generate-object-property@1.2.0
22 silly idealTree +-- getpass@0.1.6
22 silly idealTree | `-- assert-plus@1.0.0
22 silly idealTree +-- glob-base@0.3.0
22 silly idealTree +-- glob-parent@2.0.0
22 silly idealTree +-- glob-stream@3.1.18
22 silly idealTree | +-- readable-stream@1.0.34
22 silly idealTree | `-- through2@0.6.5
22 silly idealTree +-- glob-watcher@0.0.6
22 silly idealTree +-- glob@4.5.3
22 silly idealTree +-- glob2base@0.0.12
22 silly idealTree +-- global-modules@0.2.3
22 silly idealTree +-- global-prefix@0.1.5
22 silly idealTree +-- globule@0.1.0
22 silly idealTree | +-- glob@3.1.21
22 silly idealTree | +-- graceful-fs@1.2.3
22 silly idealTree | +-- inherits@1.0.2
22 silly idealTree | +-- lodash@1.0.2
22 silly idealTree | `-- minimatch@0.2.14
22 silly idealTree +-- glogg@1.0.0
22 silly idealTree +-- graceful-fs@3.0.11
22 silly idealTree +-- graceful-readlink@1.0.1
22 silly idealTree +-- gulp-load-plugins@1.2.4
22 silly idealTree +-- gulp-util@3.0.8
22 silly idealTree +-- gulp@3.9.1
22 silly idealTree +-- gulplog@1.0.0
22 silly idealTree +-- har-validator@2.0.6
22 silly idealTree +-- has-ansi@2.0.0
22 silly idealTree +-- has-gulplog@0.1.0
22 silly idealTree +-- hawk@3.1.3
22 silly idealTree +-- hoek@2.16.3
22 silly idealTree +-- homedir-polyfill@1.0.1
22 silly idealTree +-- http-errors@1.5.1
22 silly idealTree +-- http-signature@1.1.1
22 silly idealTree +-- iconv-lite@0.4.13
22 silly idealTree +-- inflight@1.0.6
22 silly idealTree +-- inherits@2.0.3
22 silly idealTree +-- ini@1.3.4
22 silly idealTree +-- interpret@1.0.1
22 silly idealTree +-- invert-kv@1.0.0
22 silly idealTree +-- ipaddr.js@1.2.0
22 silly idealTree +-- is-absolute@0.2.6
22 silly idealTree +-- is-buffer@1.1.4
22 silly idealTree +-- is-dotfile@1.0.2
22 silly idealTree +-- is-equal-shallow@0.1.3
22 silly idealTree +-- is-expression@2.1.0
22 silly idealTree | `-- object-assign@4.1.1
22 silly idealTree +-- is-extendable@0.1.1
22 silly idealTree +-- is-extglob@1.0.0
22 silly idealTree +-- is-fullwidth-code-point@1.0.0
22 silly idealTree +-- is-glob@2.0.1
22 silly idealTree +-- is-my-json-valid@2.15.0
22 silly idealTree +-- is-number@2.1.0
22 silly idealTree +-- is-posix-bracket@0.1.1
22 silly idealTree +-- is-primitive@2.0.0
22 silly idealTree +-- is-promise@2.1.0
22 silly idealTree +-- is-property@1.0.2
22 silly idealTree +-- is-regex@1.0.3
22 silly idealTree +-- is-relative@0.2.1
22 silly idealTree +-- is-typedarray@1.0.0
22 silly idealTree +-- is-unc-path@0.1.2
22 silly idealTree +-- is-utf8@0.2.1
22 silly idealTree +-- is-windows@0.2.0
22 silly idealTree +-- isarray@0.0.1
22 silly idealTree +-- isexe@1.1.2
22 silly idealTree +-- isobject@2.1.0
22 silly idealTree | `-- isarray@1.0.0
22 silly idealTree +-- isstream@0.1.2
22 silly idealTree +-- jodid25519@1.0.2
22 silly idealTree +-- js-stringify@1.0.2
22 silly idealTree +-- jsbn@0.1.0
22 silly idealTree +-- json-schema@0.2.3
22 silly idealTree +-- json-stringify-safe@5.0.1
22 silly idealTree +-- jsonpointer@4.0.1
22 silly idealTree +-- jsprim@1.3.1
22 silly idealTree +-- jstransformer@1.0.0
22 silly idealTree +-- kind-of@3.1.0
22 silly idealTree +-- lazy-cache@1.0.4
22 silly idealTree +-- lcid@1.0.0
22 silly idealTree +-- liftoff@2.3.0
22 silly idealTree +-- lodash._basecopy@3.0.1
22 silly idealTree +-- lodash._basetostring@3.0.1
22 silly idealTree +-- lodash._basevalues@3.0.0
22 silly idealTree +-- lodash._getnative@3.9.1
22 silly idealTree +-- lodash._isiterateecall@3.0.9
22 silly idealTree +-- lodash._reescape@3.0.0
22 silly idealTree +-- lodash._reevaluate@3.0.0
22 silly idealTree +-- lodash._reinterpolate@3.0.0
22 silly idealTree +-- lodash._root@3.0.1
22 silly idealTree +-- lodash.assignwith@4.2.0
22 silly idealTree +-- lodash.escape@3.2.0
22 silly idealTree +-- lodash.isarguments@3.1.0
22 silly idealTree +-- lodash.isarray@3.0.4
22 silly idealTree +-- lodash.isempty@4.4.0
22 silly idealTree +-- lodash.isplainobject@4.0.6
22 silly idealTree +-- lodash.isstring@4.0.1
22 silly idealTree +-- lodash.keys@3.1.2
22 silly idealTree +-- lodash.mapvalues@4.6.0
22 silly idealTree +-- lodash.pick@4.4.0
22 silly idealTree +-- lodash.restparam@3.6.1
22 silly idealTree +-- lodash.template@3.6.2
22 silly idealTree +-- lodash.templatesettings@3.1.1
22 silly idealTree +-- lodash@4.17.4
22 silly idealTree +-- longest@1.0.1
22 silly idealTree +-- lru-cache@2.7.3
22 silly idealTree +-- map-cache@0.2.2
22 silly idealTree +-- media-typer@0.3.0
22 silly idealTree +-- merge-descriptors@1.0.1
22 silly idealTree +-- methods@1.1.2
22 silly idealTree +-- micromatch@2.3.11
22 silly idealTree +-- mime-db@1.26.0
22 silly idealTree +-- mime-types@2.1.14
22 silly idealTree +-- mime@1.3.4
22 silly idealTree +-- minimatch@2.0.10
22 silly idealTree +-- minimist@1.2.0
22 silly idealTree +-- mkdirp@0.5.1
22 silly idealTree | `-- minimist@0.0.8
22 silly idealTree +-- moment-timezone@0.5.5
22 silly idealTree +-- moment@2.17.1
22 silly idealTree +-- morgan@1.7.0
22 silly idealTree +-- ms@0.7.1
22 silly idealTree +-- multipipe@0.1.2
22 silly idealTree +-- natives@1.1.0
22 silly idealTree +-- nconf@0.8.4
22 silly idealTree | `-- async@1.5.2
22 silly idealTree +-- negotiator@0.6.1
22 silly idealTree +-- node-uuid@1.4.7
22 silly idealTree +-- normalize-path@2.0.1
22 silly idealTree +-- number-is-nan@1.0.1
22 silly idealTree +-- oauth-sign@0.8.2
22 silly idealTree +-- oauth@0.9.15
22 silly idealTree +-- object-assign@3.0.0
22 silly idealTree +-- object.omit@2.0.1
22 silly idealTree +-- on-finished@2.3.0
22 silly idealTree +-- on-headers@1.0.1
22 silly idealTree +-- once@1.3.3
22 silly idealTree +-- orchestrator@0.3.8
22 silly idealTree +-- ordered-read-streams@0.1.0
22 silly idealTree +-- os-homedir@1.0.2
22 silly idealTree +-- os-locale@1.4.0
22 silly idealTree +-- parse-filepath@1.0.1
22 silly idealTree +-- parse-glob@3.0.4
22 silly idealTree +-- parse-passwd@1.0.0
22 silly idealTree +-- parseurl@1.3.1
22 silly idealTree +-- passport-automatic@1.2.1
22 silly idealTree +-- passport-oauth2@1.4.0
22 silly idealTree +-- passport-strategy@1.0.0
22 silly idealTree +-- passport@0.3.2
22 silly idealTree +-- path-root-regex@0.1.2
22 silly idealTree +-- path-root@0.1.1
22 silly idealTree +-- path-to-regexp@0.1.7
22 silly idealTree +-- pause@0.0.1
22 silly idealTree +-- pinkie-promise@2.0.1
22 silly idealTree +-- pinkie@2.0.4
22 silly idealTree +-- preserve@0.2.0
22 silly idealTree +-- pretty-hrtime@1.0.3
22 silly idealTree +-- process-nextick-args@1.0.7
22 silly idealTree +-- promise@7.1.1
22 silly idealTree +-- proxy-addr@1.1.3
22 silly idealTree +-- pug-attrs@2.0.2
22 silly idealTree +-- pug-code-gen@0.0.7
22 silly idealTree +-- pug-error@1.3.2
22 silly idealTree +-- pug-filters@1.2.4
22 silly idealTree +-- pug-lexer@2.3.2
22 silly idealTree | +-- acorn@4.0.11
22 silly idealTree | +-- is-expression@3.0.0
22 silly idealTree | `-- object-assign@4.1.1
22 silly idealTree +-- pug-linker@1.0.2
22 silly idealTree +-- pug-load@2.0.5
22 silly idealTree | `-- object-assign@4.1.1
22 silly idealTree +-- pug-parser@2.0.2
22 silly idealTree +-- pug-runtime@2.0.3
22 silly idealTree +-- pug-strip-comments@0.0.1
22 silly idealTree | `-- pug-error@0.0.0
22 silly idealTree +-- pug-walk@1.1.1
22 silly idealTree +-- pug@2.0.0-beta4
22 silly idealTree +-- punycode@1.4.1
22 silly idealTree +-- qs@6.2.0
22 silly idealTree +-- random-bytes@1.0.0
22 silly idealTree +-- randomatic@1.1.6
22 silly idealTree +-- range-parser@1.2.0
22 silly idealTree +-- raw-body@2.1.7
22 silly idealTree +-- readable-stream@1.1.14
22 silly idealTree +-- rechoir@0.6.2
22 silly idealTree +-- regex-cache@0.4.3
22 silly idealTree +-- repeat-element@1.1.2
22 silly idealTree +-- repeat-string@1.6.1
22 silly idealTree +-- replace-ext@0.0.1
22 silly idealTree +-- request@2.74.0
22 silly idealTree +-- resolve-dir@0.1.1
22 silly idealTree +-- resolve@1.2.0
22 silly idealTree +-- right-align@0.1.3
22 silly idealTree +-- secure-keys@1.0.0
22 silly idealTree +-- semver@4.3.6
22 silly idealTree +-- send@0.14.2
22 silly idealTree | `-- ms@0.7.2
22 silly idealTree +-- sequencify@0.0.7
22 silly idealTree +-- serve-favicon@2.3.0
22 silly idealTree +-- serve-static@1.11.2
22 silly idealTree +-- setprototypeof@1.0.2
22 silly idealTree +-- sigmund@1.0.1
22 silly idealTree +-- sntp@1.0.9
22 silly idealTree +-- source-map@0.4.4
22 silly idealTree +-- sparkles@1.0.0
22 silly idealTree +-- sshpk@1.10.2
22 silly idealTree | `-- assert-plus@1.0.0
22 silly idealTree +-- statuses@1.3.1
22 silly idealTree +-- stream-consume@0.1.0
22 silly idealTree +-- string_decoder@0.10.31
22 silly idealTree +-- string-width@1.0.2
22 silly idealTree +-- stringstream@0.0.5
22 silly idealTree +-- strip-ansi@3.0.1
22 silly idealTree +-- strip-bom@1.0.0
22 silly idealTree +-- supports-color@2.0.0
22 silly idealTree +-- through2@2.0.3
22 silly idealTree | +-- isarray@1.0.0
22 silly idealTree | `-- readable-stream@2.2.2
22 silly idealTree +-- tildify@1.2.0
22 silly idealTree +-- time-stamp@1.0.1
22 silly idealTree +-- token-stream@0.0.1
22 silly idealTree +-- tough-cookie@2.3.2
22 silly idealTree +-- tunnel-agent@0.4.3
22 silly idealTree +-- tweetnacl@0.14.5
22 silly idealTree +-- type-is@1.6.14
22 silly idealTree +-- uglify-js@2.7.5
22 silly idealTree | +-- async@0.2.10
22 silly idealTree | +-- camelcase@1.2.1
22 silly idealTree | +-- cliui@2.1.0
22 silly idealTree | +-- source-map@0.5.6
22 silly idealTree | +-- window-size@0.1.0
22 silly idealTree | `-- yargs@3.10.0
22 silly idealTree +-- uglify-to-browserify@1.0.2
22 silly idealTree +-- uid-safe@2.1.3
22 silly idealTree +-- uid2@0.0.3
22 silly idealTree +-- unc-path-regex@0.1.2
22 silly idealTree +-- underscore@1.8.3
22 silly idealTree +-- unique-stream@1.0.0
22 silly idealTree +-- unpipe@1.0.0
22 silly idealTree +-- user-home@1.1.1
22 silly idealTree +-- util-deprecate@1.0.2
22 silly idealTree +-- utils-merge@1.0.0
22 silly idealTree +-- v8flags@2.0.11
22 silly idealTree +-- vary@1.1.0
22 silly idealTree +-- verror@1.3.6
22 silly idealTree +-- vinyl-fs@0.3.14
22 silly idealTree | +-- clone@0.2.0
22 silly idealTree | +-- readable-stream@1.0.34
22 silly idealTree | +-- through2@0.6.5
22 silly idealTree | `-- vinyl@0.4.6
22 silly idealTree +-- vinyl@0.5.3
22 silly idealTree +-- void-elements@2.0.1
22 silly idealTree +-- which@1.2.12
22 silly idealTree +-- window-size@0.1.4
22 silly idealTree +-- with@5.1.1
22 silly idealTree +-- wordwrap@0.0.2
22 silly idealTree +-- wrap-ansi@2.1.0
22 silly idealTree +-- wrappy@1.0.2
22 silly idealTree +-- xtend@4.0.1
22 silly idealTree +-- y18n@3.2.1
22 silly idealTree `-- yargs@3.32.0
23 silly generateActionsToTake Starting
24 silly install generateActionsToTake
25 silly generateActionsToTake Finishing
26 silly diffTrees action count 0
27 silly decomposeActions action count 0
28 silly runTopLevelLifecycles Starting
29 silly install runPreinstallTopLevelLifecycles
30 silly preinstall server@0.0.1 C:\Users\Chris\carculation\server-bdd633de
31 info lifecycle server@0.0.1~preinstall: server@0.0.1
32 silly lifecycle server@0.0.1~preinstall: no script for preinstall, continuing
33 silly executeActions Starting
34 silly install executeActions
35 silly doSerial global-install 0
36 silly doParallel fetch 0
37 verbose correctMkdir C:\Users\Chris\AppData\Roaming\npm-cache\_locks correctMkdir not in flight; initializing
38 verbose lock using C:\Users\Chris\AppData\Roaming\npm-cache\_locks\staging-87d1bec3ba14721a.lock for C:\Users\Chris\carculation\node_modules\.staging
39 silly doParallel extract 0
40 silly doParallel preinstall 0
41 silly doReverseSerial remove 0
42 silly doSerial move 0
43 silly doSerial finalize 0
44 silly doSerial build 0
45 silly doSerial global-link 0
46 silly doParallel update-linked 0
47 silly doSerial install 0
48 silly doSerial postinstall 0
49 verbose unlock done using C:\Users\Chris\AppData\Roaming\npm-cache\_locks\staging-87d1bec3ba14721a.lock for C:\Users\Chris\carculation\node_modules\.staging
50 silly executeActions Finishing
51 silly rollbackFailedOptional Starting
52 silly rollbackFailedOptional Finishing
53 silly install runPostinstallTopLevelLifecycles
54 silly build server@0.0.1
55 info linkStuff server@0.0.1
56 silly linkStuff server@0.0.1 has C:\Users\Chris as its parent node_modules
57 verbose linkBins server@0.0.1
58 verbose linkMans server@0.0.1
59 silly install server@0.0.1 C:\Users\Chris\carculation\server-bdd633de
60 info lifecycle server@0.0.1~install: server@0.0.1
61 silly lifecycle server@0.0.1~install: no script for install, continuing
62 silly postinstall server@0.0.1 C:\Users\Chris\carculation\server-bdd633de
63 info lifecycle server@0.0.1~postinstall: server@0.0.1
64 verbose lifecycle server@0.0.1~postinstall: unsafe-perm in lifecycle true
65 verbose lifecycle server@0.0.1~postinstall: PATH: C:\Program Files\nodejs\node_modules\npm\bin\node-gyp-bin;C:\Users\Chris\carculation\node_modules\.bin;C:\Users\Chris\AppData\Roaming\npm;C:\Program Files\nodejs\;C:\WINDOWS\system32;C:\WINDOWS;C:\WINDOWS\System32\Wbem;C:\WINDOWS\System32\WindowsPowerShell\v1.0\;C:\Program Files\nodejs\;C:\Program Files\Git\cmd;C:\Users\Chris\AppData\Local\Microsoft\WindowsApps;C:\Users\Chris\AppData\Local\atom\bin;C:\Users\Chris\AppData\Roaming\npm
66 verbose lifecycle server@0.0.1~postinstall: CWD: C:\Users\Chris\carculation
67 silly lifecycle server@0.0.1~postinstall: Args: [ '/d /s /c',
67 silly lifecycle   './node_modules/bower/bin/bower cache clean && ./node_modules/bower/bin/bower install' ]
68 silly lifecycle server@0.0.1~postinstall: Returned: code: 1  signal: null
69 info lifecycle server@0.0.1~postinstall: Failed to exec postinstall script
70 verbose stack Error: server@0.0.1 postinstall: `./node_modules/bower/bin/bower cache clean && ./node_modules/bower/bin/bower install`
70 verbose stack Exit status 1
70 verbose stack     at EventEmitter.<anonymous> (C:\Program Files\nodejs\node_modules\npm\lib\utils\lifecycle.js:255:16)
70 verbose stack     at emitTwo (events.js:106:13)
70 verbose stack     at EventEmitter.emit (events.js:191:7)
70 verbose stack     at ChildProcess.<anonymous> (C:\Program Files\nodejs\node_modules\npm\lib\utils\spawn.js:40:14)
70 verbose stack     at emitTwo (events.js:106:13)
70 verbose stack     at ChildProcess.emit (events.js:191:7)
70 verbose stack     at maybeClose (internal/child_process.js:877:16)
70 verbose stack     at Process.ChildProcess._handle.onexit (internal/child_process.js:226:5)
71 verbose pkgid server@0.0.1
72 verbose cwd C:\Users\Chris\carculation
73 error Windows_NT 10.0.14393
74 error argv "C:\\Program Files\\nodejs\\node.exe" "C:\\Program Files\\nodejs\\node_modules\\npm\\bin\\npm-cli.js" "install"
75 error node v6.9.2
76 error npm  v3.10.9
77 error code ELIFECYCLE
78 error server@0.0.1 postinstall: `./node_modules/bower/bin/bower cache clean && ./node_modules/bower/bin/bower install`
78 error Exit status 1
79 error Failed at the server@0.0.1 postinstall script './node_modules/bower/bin/bower cache clean && ./node_modules/bower/bin/bower install'.
79 error Make sure you have the latest version of node.js and npm installed.
79 error If you do, this is most likely a problem with the server package,
79 error not with npm itself.
79 error Tell the author that this fails on your system:
79 error     ./node_modules/bower/bin/bower cache clean && ./node_modules/bower/bin/bower install
79 error You can get information on how to open an issue for this project with:
79 error     npm bugs server
79 error Or if that isn't available, you can get their info via:
79 error     npm owner ls server
79 error There is likely additional logging output above.
80 verbose exit [ 1, true ]
